2016-11-04 20:53:44,370 ERROR drake: cannot find file or directory: /home/vdp5/scripts/meme_analysis/./Drakefile (use --help for documentation)
2016-11-04 20:56:33,597 INFO Running 1 steps with concurrence of 1...
2016-11-04 20:56:33,635 INFO 
2016-11-04 20:56:33,635 INFO --- 0. Running (via tag): %meme10_allg_dna <- /home/vdp5/data/gene_finder/vir_all_ASM241v2/portillo_g_all_dna.fasta
2016-11-04 20:58:56,365 INFO Running 1 steps with concurrence of 1...
2016-11-04 20:58:56,391 INFO 
2016-11-04 20:58:56,391 INFO --- 0. Running (via tag): %meme10_allg_dna <- /home/vdp5/data/gene_finder/vir_all_ASM241v2/portillo_g_all_dna.fasta
2016-11-04 21:02:38,356 INFO Running 1 steps with concurrence of 1...
2016-11-04 21:02:38,384 INFO 
2016-11-04 21:02:38,385 INFO --- 1. Running (via tag): %meme10_allg_prot <- /home/vdp5/data/gene_finder/vir_all_ASM241v2/portillo_g_all_prot.fasta
2016-11-04 21:02:39,225 INFO Done (0 steps run).
2016-11-04 21:02:39,229 ERROR clojure.lang.ExceptionInfo: shell command failed with exit code 1 {:file "meme $INPUT -dna -oc /home/vdp5/data/hhmm_data/gfamily_all_10motif_prot -maxsize 150000 -mod zoops -nmotifs 10 -minw 15 -maxw 200\n", :msg "shell command failed with exit code 1", :cmd ("/bin/bash" "/home/vdp5/scripts/meme_analysis/./.drake/shell-f2b71599003fa034dc84f2d6006a7d38.bat"), :opts {:die true, :no-stdin nil, :err [#<PrintStream java.io.PrintStream@1d0ce2c8> #<BufferedWriter java.io.BufferedWriter@5860f23b>], :exec-dir nil, :out [#<PrintStream java.io.PrintStream@640c13a3> #<BufferedWriter java.io.BufferedWriter@1c44110c>]}, :exit-code 1}
	at clojure.core$ex_info.invoke(core.clj:4403)
	at drake.shell$shell.doInvoke(shell.clj:150)
	at clojure.lang.RestFn.applyTo(RestFn.java:137)
	at clojure.core$apply.invoke(core.clj:624)
	at drake.protocol$run_interpreter.invoke(protocol.clj:86)
	at drake.protocol_interpreters$register_interpreter_BANG_$reify__4753.run(protocol_interpreters.clj:14)
	at drake.core$run_step.invoke(core.clj:367)
	at drake.core$attempt_run_step.invoke(core.clj:479)
	at drake.core$function_for_step$fn__5091.invoke(core.clj:502)
	at drake.core$trigger_futures_helper$fn__5102.invoke(core.clj:540)
	at clojure.core$binding_conveyor_fn$fn__4145.invoke(core.clj:1910)
	at clojure.lang.AFn.call(AFn.java:18)
	at java.util.concurrent.FutureTask.run(FutureTask.java:266)
	at java.util.concurrent.ThreadPoolExecutor.runWorker(ThreadPoolExecutor.java:1142)
	at java.util.concurrent.ThreadPoolExecutor$Worker.run(ThreadPoolExecutor.java:617)
	at java.lang.Thread.run(Thread.java:745)

2016-11-04 21:03:15,638 INFO Running 1 steps with concurrence of 1...
2016-11-04 21:03:15,663 INFO 
2016-11-04 21:03:15,664 INFO --- 1. Running (via tag): %meme10_allg_prot <- /home/vdp5/data/gene_finder/vir_all_ASM241v2/portillo_g_all_prot.fasta
2016-11-04 21:03:16,492 INFO Done (0 steps run).
2016-11-04 21:03:16,495 ERROR clojure.lang.ExceptionInfo: shell command failed with exit code 1 {:file "meme $INPUT -prot -oc /home/vdp5/data/hhmm_data/gfamily_all_10motif_prot -maxsize 150000 -mod zoops -nmotifs 10 -minw 15 -maxw 200\n", :msg "shell command failed with exit code 1", :cmd ("/bin/bash" "/home/vdp5/scripts/meme_analysis/./.drake/shell-12ea3815f982f11889a81a4bec9bb493.bat"), :opts {:die true, :no-stdin nil, :err [#<PrintStream java.io.PrintStream@3b27d28> #<BufferedWriter java.io.BufferedWriter@6385cff3>], :exec-dir nil, :out [#<PrintStream java.io.PrintStream@57417093> #<BufferedWriter java.io.BufferedWriter@2b2383be>]}, :exit-code 1}
	at clojure.core$ex_info.invoke(core.clj:4403)
	at drake.shell$shell.doInvoke(shell.clj:150)
	at clojure.lang.RestFn.applyTo(RestFn.java:137)
	at clojure.core$apply.invoke(core.clj:624)
	at drake.protocol$run_interpreter.invoke(protocol.clj:86)
	at drake.protocol_interpreters$register_interpreter_BANG_$reify__4753.run(protocol_interpreters.clj:14)
	at drake.core$run_step.invoke(core.clj:367)
	at drake.core$attempt_run_step.invoke(core.clj:479)
	at drake.core$function_for_step$fn__5091.invoke(core.clj:502)
	at drake.core$trigger_futures_helper$fn__5102.invoke(core.clj:540)
	at clojure.core$binding_conveyor_fn$fn__4145.invoke(core.clj:1910)
	at clojure.lang.AFn.call(AFn.java:18)
	at java.util.concurrent.FutureTask.run(FutureTask.java:266)
	at java.util.concurrent.ThreadPoolExecutor.runWorker(ThreadPoolExecutor.java:1142)
	at java.util.concurrent.ThreadPoolExecutor$Worker.run(ThreadPoolExecutor.java:617)
	at java.lang.Thread.run(Thread.java:745)

2016-11-04 21:06:38,088 ERROR drake: target not found: j
2016-11-04 21:07:11,526 INFO Running 2 steps with concurrence of 5...
2016-11-04 21:07:11,564 INFO 
2016-11-04 21:07:11,564 INFO 
2016-11-04 21:07:11,566 INFO --- 0. Running (via tag): %meme10_allg_dna <- /home/vdp5/data/gene_finder/vir_all_ASM241v2/portillo_g_all_dna.fasta
2016-11-04 21:07:11,567 INFO --- 1. Running (via tag): %meme10_allg_prot <- /home/vdp5/data/gene_finder/vir_all_ASM241v2/portillo_g_all_prot.fasta
2016-11-04 21:16:33,645 INFO --- 0: %meme10_allg_dna <- /home/vdp5/data/gene_finder/vir_all_ASM241v2/portillo_g_all_dna.fasta -> done in 562.03s
2016-11-04 21:16:33,650 INFO Done (1 steps run).
2016-11-04 21:16:33,660 ERROR clojure.lang.ExceptionInfo: shell command failed with exit code 1 {:file "meme $INPUT -prot -oc /home/vdp5/data/hhmm_data/gfamily_all_10motif_prot -maxsize 150000 -mod zoops -nmotifs 10 -minw 15 -maxw 200\n", :msg "shell command failed with exit code 1", :cmd ("/bin/bash" "/home/vdp5/scripts/meme_analysis/./.drake/shell-12ea3815f982f11889a81a4bec9bb493.bat"), :opts {:die true, :no-stdin true, :err [#<PrintStream java.io.PrintStream@46879f1d> #<BufferedWriter java.io.BufferedWriter@7a538bd5>], :exec-dir nil, :out [#<PrintStream java.io.PrintStream@320697f6> #<BufferedWriter java.io.BufferedWriter@512136f2>]}, :exit-code 1}
	at clojure.core$ex_info.invoke(core.clj:4403)
	at drake.shell$shell.doInvoke(shell.clj:150)
	at clojure.lang.RestFn.applyTo(RestFn.java:137)
	at clojure.core$apply.invoke(core.clj:624)
	at drake.protocol$run_interpreter.invoke(protocol.clj:86)
	at drake.protocol_interpreters$register_interpreter_BANG_$reify__4753.run(protocol_interpreters.clj:14)
	at drake.core$run_step.invoke(core.clj:367)
	at drake.core$attempt_run_step.invoke(core.clj:479)
	at drake.core$function_for_step$fn__5091.invoke(core.clj:502)
	at drake.core$trigger_futures_helper$fn__5102.invoke(core.clj:540)
	at clojure.core$binding_conveyor_fn$fn__4145.invoke(core.clj:1910)
	at clojure.lang.AFn.call(AFn.java:18)
	at java.util.concurrent.FutureTask.run(FutureTask.java:266)
	at java.util.concurrent.ThreadPoolExecutor.runWorker(ThreadPoolExecutor.java:1142)
	at java.util.concurrent.ThreadPoolExecutor$Worker.run(ThreadPoolExecutor.java:617)
	at java.lang.Thread.run(Thread.java:745)

2016-11-04 21:37:36,881 INFO Running 1 steps with concurrence of 1...
2016-11-04 21:37:36,910 INFO 
2016-11-04 21:37:36,912 INFO --- 1. Running (via tag): %meme10_allg_prot <- /home/vdp5/data/gene_finder/vir_all_ASM241v2/portillo_g_all_prot.fasta
2016-11-04 21:39:44,133 INFO --- 1: %meme10_allg_prot <- /home/vdp5/data/gene_finder/vir_all_ASM241v2/portillo_g_all_prot.fasta -> done in 127.17s
2016-11-04 21:39:44,154 INFO Done (1 steps run).
2016-11-04 21:47:22,248 ERROR drake: parse error at line 1, column 99: illegal syntax starting with "[-timecheck]" for step definition
2016-11-04 21:47:31,142 ERROR drake: parse error at line 1, column 99: illegal syntax starting with "[-timecheck]" for step definition
2016-11-04 21:55:35,028 ERROR drake: parse error at line 1, column 99: illegal syntax starting with "[timecheck:true]" for step definition
2016-11-04 21:56:32,094 ERROR drake: parse error at line 1, column 99: illegal syntax starting with "[timecheck]" for step definition
2016-11-04 21:56:58,461 ERROR drake: parse error at line 1, column 99: illegal syntax starting with "[timecheck]" for step definition
2016-11-04 21:57:22,317 ERROR drake: parse error at line 1, column 99: illegal syntax starting with "[-timestamp]" for step definition
2016-11-04 21:58:15,664 INFO Running 2 steps with concurrence of 1...
2016-11-04 21:58:15,698 INFO 
2016-11-04 21:58:15,701 INFO --- 2. Running (via tag): %meme_falc_annotated_10_var_protexon1 <- /nfs/wraycompute/diana/var/exon1_aa.fa
2016-11-04 21:59:28,561 ERROR drake: parse error at line null, column null: option "protocol" cannot have multiple values.
2016-11-04 21:59:56,814 INFO Nothing to do.
2016-11-04 22:00:30,672 INFO Running 2 steps with concurrence of 1...
2016-11-04 22:00:30,697 INFO 
2016-11-04 22:00:30,699 INFO --- 3. Running (via tag): %meme_falc_annotated_10_var_protexon2 <- /nfs/wraycompute/diana/var/exon2_aa.fa
2016-11-04 22:04:40,197 INFO --- 3: %meme_falc_annotated_10_var_protexon2 <- /nfs/wraycompute/diana/var/exon2_aa.fa -> done in 249.44s
2016-11-04 22:04:40,233 INFO 
2016-11-04 22:04:40,234 INFO --- 2. Running (via tag): %meme_falc_annotated_10_var_protexon1 <- /nfs/wraycompute/diana/var/exon1_aa.fa
2016-11-04 22:09:59,305 INFO Nothing to do.
2016-11-04 22:15:50,248 ERROR drake: parse error at line 10, column 94: illegal syntax starting with "[shell" for option
2016-11-04 22:16:31,436 INFO Nothing to do.
2016-11-04 22:17:07,680 INFO Running 2 steps with concurrence of 1...
2016-11-04 22:17:07,711 INFO 
2016-11-04 22:17:07,713 INFO --- 4. Running (via method): %gfamilyall_dnamast_testonitself <- /home/vdp5/data/hhmm_data/gfamily_all_10motif/meme.xml, /home/vdp5/data/gene_finder/vir_all_ASM241v2/portillo_g_all_dna.fasta
2016-11-04 22:17:08,552 INFO 
2016-11-04 22:17:08,553 INFO --- 5. Running (via method): %gfamilyall_protmast_testonitself <- /home/vdp5/data/hhmm_data/gfamily_all_10motif_prot/meme.xml, /home/vdp5/data/gene_finder/vir_all_ASM241v2/portillo_g_all_prot.fasta
2016-11-04 22:17:09,284 INFO Done (0 steps run).
2016-11-04 22:17:09,291 ERROR clojure.lang.ExceptionInfo: shell command failed with exit code 1 {:file "mast -oc /home/vdp5/data/hhmm_data/mast_gfamilyall_dnamast_testonitself $INPUT1 $INPUT2\n", :msg "shell command failed with exit code 1", :cmd ("/bin/bash" "/home/vdp5/scripts/meme_analysis/./.drake/shell-9ada045bb0fcc30516e629b6b6240e81.bat"), :opts {:die true, :no-stdin nil, :err [#<PrintStream java.io.PrintStream@3fc7adc3> #<BufferedWriter java.io.BufferedWriter@395124ab>], :exec-dir nil, :out [#<PrintStream java.io.PrintStream@6c46409f> #<BufferedWriter java.io.BufferedWriter@6a765bc3>]}, :exit-code 1}
	at clojure.core$ex_info.invoke(core.clj:4403)
	at drake.shell$shell.doInvoke(shell.clj:150)
	at clojure.lang.RestFn.applyTo(RestFn.java:137)
	at clojure.core$apply.invoke(core.clj:624)
	at drake.protocol$run_interpreter.invoke(protocol.clj:86)
	at drake.protocol_interpreters$register_interpreter_BANG_$reify__4753.run(protocol_interpreters.clj:14)
	at drake.core$run_step.invoke(core.clj:367)
	at drake.core$attempt_run_step.invoke(core.clj:479)
	at drake.core$function_for_step$fn__5091.invoke(core.clj:502)
	at drake.core$trigger_futures_helper$fn__5102.invoke(core.clj:540)
	at clojure.core$binding_conveyor_fn$fn__4145.invoke(core.clj:1910)
	at clojure.lang.AFn.call(AFn.java:18)
	at java.util.concurrent.FutureTask.run(FutureTask.java:266)
	at java.util.concurrent.ThreadPoolExecutor.runWorker(ThreadPoolExecutor.java:1142)
	at java.util.concurrent.ThreadPoolExecutor$Worker.run(ThreadPoolExecutor.java:617)
	at java.lang.Thread.run(Thread.java:745)

2016-11-04 22:18:21,280 INFO Running 2 steps with concurrence of 1...
2016-11-04 22:18:21,306 INFO 
2016-11-04 22:18:21,308 INFO --- 4. Running (via method): %gfamilyall_dnamast_testonitself <- /home/vdp5/data/hhmm_data/gfamily_all_10motif/meme.xml, /home/vdp5/data/gene_finder/vir_all_ASM241v2/portillo_g_all_dna.fasta
2016-11-04 22:18:22,139 INFO 
2016-11-04 22:18:22,140 INFO --- 5. Running (via method): %gfamilyall_protmast_testonitself <- /home/vdp5/data/hhmm_data/gfamily_all_10motif_prot/meme.xml, /home/vdp5/data/gene_finder/vir_all_ASM241v2/portillo_g_all_prot.fasta
2016-11-04 22:18:22,902 INFO Done (0 steps run).
2016-11-04 22:18:22,909 ERROR clojure.lang.ExceptionInfo: shell command failed with exit code 1 {:file "echo $INPUT1\nmast -oc /home/vdp5/data/hhmm_data/mast_gfamilyall_dnamast_testonitself $INPUT1 $INPUT2\n", :msg "shell command failed with exit code 1", :cmd ("/bin/bash" "/home/vdp5/scripts/meme_analysis/./.drake/shell-7ebf3ab514b361182f4d90e2f676032d.bat"), :opts {:die true, :no-stdin nil, :err [#<PrintStream java.io.PrintStream@445f30b> #<BufferedWriter java.io.BufferedWriter@29c352f9>], :exec-dir nil, :out [#<PrintStream java.io.PrintStream@2d3828b4> #<BufferedWriter java.io.BufferedWriter@1cc96a54>]}, :exit-code 1}
	at clojure.core$ex_info.invoke(core.clj:4403)
	at drake.shell$shell.doInvoke(shell.clj:150)
	at clojure.lang.RestFn.applyTo(RestFn.java:137)
	at clojure.core$apply.invoke(core.clj:624)
	at drake.protocol$run_interpreter.invoke(protocol.clj:86)
	at drake.protocol_interpreters$register_interpreter_BANG_$reify__4753.run(protocol_interpreters.clj:14)
	at drake.core$run_step.invoke(core.clj:367)
	at drake.core$attempt_run_step.invoke(core.clj:479)
	at drake.core$function_for_step$fn__5091.invoke(core.clj:502)
	at drake.core$trigger_futures_helper$fn__5102.invoke(core.clj:540)
	at clojure.core$binding_conveyor_fn$fn__4145.invoke(core.clj:1910)
	at clojure.lang.AFn.call(AFn.java:18)
	at java.util.concurrent.FutureTask.run(FutureTask.java:266)
	at java.util.concurrent.ThreadPoolExecutor.runWorker(ThreadPoolExecutor.java:1142)
	at java.util.concurrent.ThreadPoolExecutor$Worker.run(ThreadPoolExecutor.java:617)
	at java.lang.Thread.run(Thread.java:745)

2016-11-04 22:19:36,090 INFO Running 2 steps with concurrence of 1...
2016-11-04 22:19:36,123 INFO 
2016-11-04 22:19:36,126 INFO --- 4. Running (via method): %gfamilyall_dnamast_testonitself <- /home/vdp5/data/hhmm_data/gfamily_all_10motif/meme.xml, /home/vdp5/data/gene_finder/vir_all_ASM241v2/portillo_g_all_dna.fasta
2016-11-04 22:19:36,954 INFO 
2016-11-04 22:19:36,954 INFO --- 5. Running (via method): %gfamilyall_protmast_testonitself <- /home/vdp5/data/hhmm_data/gfamily_all_10motif_prot/meme.xml, /home/vdp5/data/gene_finder/vir_all_ASM241v2/portillo_g_all_prot.fasta
2016-11-04 22:19:37,673 INFO Done (0 steps run).
2016-11-04 22:19:37,680 ERROR clojure.lang.ExceptionInfo: shell command failed with exit code 1 {:file "echo $INPUT2\nmast -oc /home/vdp5/data/hhmm_data/mast_gfamilyall_dnamast_testonitself $INPUT1 $INPUT2\n", :msg "shell command failed with exit code 1", :cmd ("/bin/bash" "/home/vdp5/scripts/meme_analysis/./.drake/shell-84de43595ac4509658564e60bd679c7a.bat"), :opts {:die true, :no-stdin nil, :err [#<PrintStream java.io.PrintStream@51c720b7> #<BufferedWriter java.io.BufferedWriter@179d73e5>], :exec-dir nil, :out [#<PrintStream java.io.PrintStream@427c55cf> #<BufferedWriter java.io.BufferedWriter@2f9efddb>]}, :exit-code 1}
	at clojure.core$ex_info.invoke(core.clj:4403)
	at drake.shell$shell.doInvoke(shell.clj:150)
	at clojure.lang.RestFn.applyTo(RestFn.java:137)
	at clojure.core$apply.invoke(core.clj:624)
	at drake.protocol$run_interpreter.invoke(protocol.clj:86)
	at drake.protocol_interpreters$register_interpreter_BANG_$reify__4753.run(protocol_interpreters.clj:14)
	at drake.core$run_step.invoke(core.clj:367)
	at drake.core$attempt_run_step.invoke(core.clj:479)
	at drake.core$function_for_step$fn__5091.invoke(core.clj:502)
	at drake.core$trigger_futures_helper$fn__5102.invoke(core.clj:540)
	at clojure.core$binding_conveyor_fn$fn__4145.invoke(core.clj:1910)
	at clojure.lang.AFn.call(AFn.java:18)
	at java.util.concurrent.FutureTask.run(FutureTask.java:266)
	at java.util.concurrent.ThreadPoolExecutor.runWorker(ThreadPoolExecutor.java:1142)
	at java.util.concurrent.ThreadPoolExecutor$Worker.run(ThreadPoolExecutor.java:617)
	at java.lang.Thread.run(Thread.java:745)

2016-11-04 22:20:43,199 ERROR drake: parse error at line 26, column 7: illegal syntax starting with "$INPUT2" for option
2016-11-04 22:21:01,670 ERROR drake: parse error at line 25, column 11: illegal syntax starting with "/home/vdp5/data/hhmm_data/mast_gfamilyall_protmast_testonitself" for option
2016-11-04 22:21:19,498 INFO Running 1 steps with concurrence of 1...
2016-11-04 22:21:19,522 INFO 
2016-11-04 22:21:19,524 INFO --- 4. Running (via tag): %gfamilyall_dnamast_testonitself <- /home/vdp5/data/hhmm_data/gfamily_all_10motif/meme.xml, /home/vdp5/data/gene_finder/vir_all_ASM241v2/portillo_g_all_dna.fasta
2016-11-04 22:21:20,319 INFO Done (0 steps run).
2016-11-04 22:21:20,322 ERROR clojure.lang.ExceptionInfo: shell command failed with exit code 1 {:file "mast -oc /home/vdp5/data/hhmm_data/mast_gfamilyall_dnamast_testonitself $INPUT1 $INPUT2\n", :msg "shell command failed with exit code 1", :cmd ("/bin/bash" "/home/vdp5/scripts/meme_analysis/./.drake/shell-9ada045bb0fcc30516e629b6b6240e81.bat"), :opts {:die true, :no-stdin nil, :err [#<PrintStream java.io.PrintStream@5da96ba3> #<BufferedWriter java.io.BufferedWriter@42bd2dec>], :exec-dir nil, :out [#<PrintStream java.io.PrintStream@738e8edd> #<BufferedWriter java.io.BufferedWriter@30608d0f>]}, :exit-code 1}
	at clojure.core$ex_info.invoke(core.clj:4403)
	at drake.shell$shell.doInvoke(shell.clj:150)
	at clojure.lang.RestFn.applyTo(RestFn.java:137)
	at clojure.core$apply.invoke(core.clj:624)
	at drake.protocol$run_interpreter.invoke(protocol.clj:86)
	at drake.protocol_interpreters$register_interpreter_BANG_$reify__4753.run(protocol_interpreters.clj:14)
	at drake.core$run_step.invoke(core.clj:367)
	at drake.core$attempt_run_step.invoke(core.clj:479)
	at drake.core$function_for_step$fn__5091.invoke(core.clj:502)
	at drake.core$trigger_futures_helper$fn__5102.invoke(core.clj:540)
	at clojure.core$binding_conveyor_fn$fn__4145.invoke(core.clj:1910)
	at clojure.lang.AFn.call(AFn.java:18)
	at java.util.concurrent.FutureTask.run(FutureTask.java:266)
	at java.util.concurrent.ThreadPoolExecutor.runWorker(ThreadPoolExecutor.java:1142)
	at java.util.concurrent.ThreadPoolExecutor$Worker.run(ThreadPoolExecutor.java:617)
	at java.lang.Thread.run(Thread.java:745)

2016-11-04 22:21:38,321 INFO Running 1 steps with concurrence of 1...
2016-11-04 22:21:38,344 INFO 
2016-11-04 22:21:38,346 INFO --- 4. Running (via tag): %gfamilyall_dnamast_testonitself <- /home/vdp5/data/hhmm_data/gfamily_all_10motif/meme.xml, /home/vdp5/data/gene_finder/vir_all_ASM241v2/portillo_g_all_dna.fasta
2016-11-04 22:21:39,143 INFO Done (0 steps run).
2016-11-04 22:21:39,148 ERROR clojure.lang.ExceptionInfo: shell command failed with exit code 1 {:file "mast -oc /home/vdp5/data/hhmm_data/mast_gfamilyall_dnamast_testonitself $INPUT1 $INPUT2\n", :msg "shell command failed with exit code 1", :cmd ("/bin/bash" "/home/vdp5/scripts/meme_analysis/./.drake/shell-9ada045bb0fcc30516e629b6b6240e81.bat"), :opts {:die true, :no-stdin nil, :err [#<PrintStream java.io.PrintStream@3fc7adc3> #<BufferedWriter java.io.BufferedWriter@395124ab>], :exec-dir nil, :out [#<PrintStream java.io.PrintStream@6c46409f> #<BufferedWriter java.io.BufferedWriter@6a765bc3>]}, :exit-code 1}
	at clojure.core$ex_info.invoke(core.clj:4403)
	at drake.shell$shell.doInvoke(shell.clj:150)
	at clojure.lang.RestFn.applyTo(RestFn.java:137)
	at clojure.core$apply.invoke(core.clj:624)
	at drake.protocol$run_interpreter.invoke(protocol.clj:86)
	at drake.protocol_interpreters$register_interpreter_BANG_$reify__4753.run(protocol_interpreters.clj:14)
	at drake.core$run_step.invoke(core.clj:367)
	at drake.core$attempt_run_step.invoke(core.clj:479)
	at drake.core$function_for_step$fn__5091.invoke(core.clj:502)
	at drake.core$trigger_futures_helper$fn__5102.invoke(core.clj:540)
	at clojure.core$binding_conveyor_fn$fn__4145.invoke(core.clj:1910)
	at clojure.lang.AFn.call(AFn.java:18)
	at java.util.concurrent.FutureTask.run(FutureTask.java:266)
	at java.util.concurrent.ThreadPoolExecutor.runWorker(ThreadPoolExecutor.java:1142)
	at java.util.concurrent.ThreadPoolExecutor$Worker.run(ThreadPoolExecutor.java:617)
	at java.lang.Thread.run(Thread.java:745)

2016-11-04 22:22:17,471 ERROR drake: target not found: gfamilyall_protmast_testonitself
2016-11-04 22:22:27,770 INFO Running 1 steps with concurrence of 1...
2016-11-04 22:22:27,799 INFO 
2016-11-04 22:22:27,801 INFO --- 5. Running (via tag): %gfamilyall_protmast_testonitself <- /home/vdp5/data/hhmm_data/gfamily_all_10motif_prot/meme.xml, /home/vdp5/data/gene_finder/vir_all_ASM241v2/portillo_g_all_prot.fasta
2016-11-04 22:22:28,034 INFO --- 5: %gfamilyall_protmast_testonitself <- /home/vdp5/data/hhmm_data/gfamily_all_10motif_prot/meme.xml, /home/vdp5/data/gene_finder/vir_all_ASM241v2/portillo_g_all_prot.fasta -> done in 0.19s
2016-11-04 22:22:28,039 INFO Done (1 steps run).
2016-11-04 22:25:49,200 INFO Running 1 steps with concurrence of 1...
2016-11-04 22:25:49,229 INFO 
2016-11-04 22:25:49,230 INFO --- 5. Running (via tag): %gfamilyall_protmast_testonitself <- /home/vdp5/data/hhmm_data/gfamily_all_10motif_prot/meme.xml, /home/vdp5/data/gene_finder/vir_all_ASM241v2/portillo_g_all_prot.fasta
2016-11-04 22:25:50,023 INFO Done (0 steps run).
2016-11-04 22:25:50,027 ERROR clojure.lang.ExceptionInfo: shell command failed with exit code 1 {:file "mast -oc /home/vdp5/data/hhmm_data/mast_gfamilyall_dnamast_testonitself $INPUT1 $INPUT2\n", :msg "shell command failed with exit code 1", :cmd ("/bin/bash" "/home/vdp5/scripts/meme_analysis/./.drake/shell-9ada045bb0fcc30516e629b6b6240e81.bat"), :opts {:die true, :no-stdin nil, :err [#<PrintStream java.io.PrintStream@57b7fa44> #<BufferedWriter java.io.BufferedWriter@5ddcb6ee>], :exec-dir nil, :out [#<PrintStream java.io.PrintStream@2be10736> #<BufferedWriter java.io.BufferedWriter@64f2e708>]}, :exit-code 1}
	at clojure.core$ex_info.invoke(core.clj:4403)
	at drake.shell$shell.doInvoke(shell.clj:150)
	at clojure.lang.RestFn.applyTo(RestFn.java:137)
	at clojure.core$apply.invoke(core.clj:624)
	at drake.protocol$run_interpreter.invoke(protocol.clj:86)
	at drake.protocol_interpreters$register_interpreter_BANG_$reify__4753.run(protocol_interpreters.clj:14)
	at drake.core$run_step.invoke(core.clj:367)
	at drake.core$attempt_run_step.invoke(core.clj:479)
	at drake.core$function_for_step$fn__5091.invoke(core.clj:502)
	at drake.core$trigger_futures_helper$fn__5102.invoke(core.clj:540)
	at clojure.core$binding_conveyor_fn$fn__4145.invoke(core.clj:1910)
	at clojure.lang.AFn.call(AFn.java:18)
	at java.util.concurrent.FutureTask.run(FutureTask.java:266)
	at java.util.concurrent.ThreadPoolExecutor.runWorker(ThreadPoolExecutor.java:1142)
	at java.util.concurrent.ThreadPoolExecutor$Worker.run(ThreadPoolExecutor.java:617)
	at java.lang.Thread.run(Thread.java:745)

2016-11-04 22:26:22,847 INFO Running 1 steps with concurrence of 1...
2016-11-04 22:26:22,875 INFO 
2016-11-04 22:26:22,877 INFO --- 5. Running (via tag): %gfamilyall_protmast_testonitself <- /home/vdp5/data/hhmm_data/gfamily_all_10motif_prot/meme.xml, /home/vdp5/data/gene_finder/vir_all_ASM241v2/portillo_g_all_prot.fasta
2016-11-04 22:26:23,663 INFO Done (0 steps run).
2016-11-04 22:26:23,667 ERROR clojure.lang.ExceptionInfo: shell command failed with exit code 1 {:file "mast -oc /home/vdp5/data/hhmm_data/mast_gfamilyall_dnamast_testonitself $INPUT1 $INPUT2\n", :msg "shell command failed with exit code 1", :cmd ("/bin/bash" "/home/vdp5/scripts/meme_analysis/./.drake/shell-9ada045bb0fcc30516e629b6b6240e81.bat"), :opts {:die true, :no-stdin nil, :err [#<PrintStream java.io.PrintStream@1343a56b> #<BufferedWriter java.io.BufferedWriter@30a33116>], :exec-dir nil, :out [#<PrintStream java.io.PrintStream@473dbf88> #<BufferedWriter java.io.BufferedWriter@66bfa93f>]}, :exit-code 1}
	at clojure.core$ex_info.invoke(core.clj:4403)
	at drake.shell$shell.doInvoke(shell.clj:150)
	at clojure.lang.RestFn.applyTo(RestFn.java:137)
	at clojure.core$apply.invoke(core.clj:624)
	at drake.protocol$run_interpreter.invoke(protocol.clj:86)
	at drake.protocol_interpreters$register_interpreter_BANG_$reify__4753.run(protocol_interpreters.clj:14)
	at drake.core$run_step.invoke(core.clj:367)
	at drake.core$attempt_run_step.invoke(core.clj:479)
	at drake.core$function_for_step$fn__5091.invoke(core.clj:502)
	at drake.core$trigger_futures_helper$fn__5102.invoke(core.clj:540)
	at clojure.core$binding_conveyor_fn$fn__4145.invoke(core.clj:1910)
	at clojure.lang.AFn.call(AFn.java:18)
	at java.util.concurrent.FutureTask.run(FutureTask.java:266)
	at java.util.concurrent.ThreadPoolExecutor.runWorker(ThreadPoolExecutor.java:1142)
	at java.util.concurrent.ThreadPoolExecutor$Worker.run(ThreadPoolExecutor.java:617)
	at java.lang.Thread.run(Thread.java:745)

2016-11-04 22:29:17,213 INFO Running 2 steps with concurrence of 1...
2016-11-04 22:29:17,237 INFO 
2016-11-04 22:29:17,239 INFO --- 5. Running (via tag): %gfamilyall_protmast_testonitself <- /home/vdp5/data/hhmm_data/gfamily_all_10motif_prot/meme.xml, /home/vdp5/data/gene_finder/vir_all_ASM241v2/portillo_g_all_prot.fasta
2016-11-04 22:29:19,362 INFO --- 5: %gfamilyall_protmast_testonitself <- /home/vdp5/data/hhmm_data/gfamily_all_10motif_prot/meme.xml, /home/vdp5/data/gene_finder/vir_all_ASM241v2/portillo_g_all_prot.fasta -> done in 2.08s
2016-11-04 22:29:19,369 INFO 
2016-11-04 22:29:19,370 INFO --- 4. Running (via tag): %gfamilyall_dnamast_testonitself <- /home/vdp5/data/hhmm_data/gfamily_all_10motif/meme.xml, /home/vdp5/data/gene_finder/vir_all_ASM241v2/portillo_g_all_dna.fasta
2016-11-04 22:29:21,360 INFO --- 4: %gfamilyall_dnamast_testonitself <- /home/vdp5/data/hhmm_data/gfamily_all_10motif/meme.xml, /home/vdp5/data/gene_finder/vir_all_ASM241v2/portillo_g_all_dna.fasta -> done in 1.95s
2016-11-04 22:29:21,363 INFO Done (2 steps run).
2016-11-04 22:36:08,592 INFO Running 1 steps with concurrence of 1...
2016-11-04 22:36:08,618 INFO 
2016-11-04 22:36:08,620 INFO --- 5. Running (via tag): %gfamilyall_protmast_testonitself <- /home/vdp5/data/hhmm_data/gfamily_all_10motif_prot/meme.xml, /home/vdp5/data/gene_finder/vir_all_ASM241v2/portillo_g_all_prot.fasta
2016-11-04 22:36:10,676 INFO --- 5: %gfamilyall_protmast_testonitself <- /home/vdp5/data/hhmm_data/gfamily_all_10motif_prot/meme.xml, /home/vdp5/data/gene_finder/vir_all_ASM241v2/portillo_g_all_prot.fasta -> done in 2.01s
2016-11-04 22:36:10,681 INFO Done (1 steps run).
2016-11-04 22:36:32,889 INFO Running 1 steps with concurrence of 1...
2016-11-04 22:36:32,915 INFO 
2016-11-04 22:36:32,916 INFO --- 4. Running (via tag): %gfamilyall_dnamast_testonitself <- /home/vdp5/data/hhmm_data/gfamily_all_10motif/meme.xml, /home/vdp5/data/gene_finder/vir_all_ASM241v2/portillo_g_all_dna.fasta
2016-11-04 22:36:35,255 INFO --- 4: %gfamilyall_dnamast_testonitself <- /home/vdp5/data/hhmm_data/gfamily_all_10motif/meme.xml, /home/vdp5/data/gene_finder/vir_all_ASM241v2/portillo_g_all_dna.fasta -> done in 2.30s
2016-11-04 22:36:35,260 INFO Done (1 steps run).
2016-11-04 22:36:42,560 INFO Nothing to do.
2016-11-04 22:36:52,681 INFO Running 1 steps with concurrence of 1...
2016-11-04 22:36:52,707 INFO 
2016-11-04 22:36:52,709 INFO --- 5. Running (via tag): %gfamilyall_protmast_testonitself <- /home/vdp5/data/hhmm_data/gfamily_all_10motif_prot/meme.xml, /home/vdp5/data/gene_finder/vir_all_ASM241v2/portillo_g_all_prot.fasta
2016-11-04 22:36:54,176 INFO --- 5: %gfamilyall_protmast_testonitself <- /home/vdp5/data/hhmm_data/gfamily_all_10motif_prot/meme.xml, /home/vdp5/data/gene_finder/vir_all_ASM241v2/portillo_g_all_prot.fasta -> done in 1.43s
2016-11-04 22:36:54,180 INFO Done (1 steps run).
2016-11-04 23:06:34,027 INFO Running 1 steps with concurrence of 1...
2016-11-04 23:06:34,053 INFO 
2016-11-04 23:06:34,055 INFO --- 6. Running (missing output): /home/vdp5/data/gene_finder/ASM241v2_genes_exons/orthofinder_exon2_gfamily.txt <- /home/vdp5/data/gene_finder/ASM241v2_genes_exons/gfamily_exon2.fasta
2016-11-04 23:06:43,591 INFO Done (0 steps run).
2016-11-04 23:06:43,598 ERROR clojure.lang.ExceptionInfo: shell command failed with exit code 255 {:file "orthofinder -f $INPUT > $OUTPUT\n", :msg "shell command failed with exit code 255", :cmd ("/bin/bash" "/home/vdp5/scripts/meme_analysis/./.drake/shell-41f4b7ebf2b3db1d4d1cc6141b24bdf4.bat"), :opts {:die true, :no-stdin nil, :err [#<PrintStream java.io.PrintStream@3fc7adc3> #<BufferedWriter java.io.BufferedWriter@395124ab>], :exec-dir nil, :out [#<PrintStream java.io.PrintStream@6c46409f> #<BufferedWriter java.io.BufferedWriter@6a765bc3>]}, :exit-code 255}
	at clojure.core$ex_info.invoke(core.clj:4403)
	at drake.shell$shell.doInvoke(shell.clj:150)
	at clojure.lang.RestFn.applyTo(RestFn.java:137)
	at clojure.core$apply.invoke(core.clj:624)
	at drake.protocol$run_interpreter.invoke(protocol.clj:86)
	at drake.protocol_interpreters$register_interpreter_BANG_$reify__4753.run(protocol_interpreters.clj:14)
	at drake.core$run_step.invoke(core.clj:367)
	at drake.core$attempt_run_step.invoke(core.clj:479)
	at drake.core$function_for_step$fn__5091.invoke(core.clj:502)
	at drake.core$trigger_futures_helper$fn__5102.invoke(core.clj:540)
	at clojure.core$binding_conveyor_fn$fn__4145.invoke(core.clj:1910)
	at clojure.lang.AFn.call(AFn.java:18)
	at java.util.concurrent.FutureTask.run(FutureTask.java:266)
	at java.util.concurrent.ThreadPoolExecutor.runWorker(ThreadPoolExecutor.java:1142)
	at java.util.concurrent.ThreadPoolExecutor$Worker.run(ThreadPoolExecutor.java:617)
	at java.lang.Thread.run(Thread.java:745)

2016-11-04 23:10:14,428 INFO Nothing to do.
2016-11-04 23:10:47,314 INFO Running 1 steps with concurrence of 1...
2016-11-04 23:10:47,340 INFO 
2016-11-04 23:10:47,342 INFO --- 6. Running (via tag): %ortho, /home/vdp5/data/gene_finder/ASM241v2_genes_exons/orthofinder_exon2_gfamily.txt <- /home/vdp5/data/gene_finder/ASM241v2_genes_exons/gfamily_exon2_orthofinder4/
2016-11-04 23:11:05,641 INFO Done (0 steps run).
2016-11-04 23:11:05,647 ERROR clojure.lang.ExceptionInfo: shell command failed with exit code 255 {:file "orthofinder -f $INPUT > $OUTPUT\n", :msg "shell command failed with exit code 255", :cmd ("/bin/bash" "/home/vdp5/scripts/meme_analysis/./.drake/shell-41f4b7ebf2b3db1d4d1cc6141b24bdf4.bat"), :opts {:die true, :no-stdin nil, :err [#<PrintStream java.io.PrintStream@34c5b24a> #<BufferedWriter java.io.BufferedWriter@3c8f5c89>], :exec-dir nil, :out [#<PrintStream java.io.PrintStream@418f76f9> #<BufferedWriter java.io.BufferedWriter@1f646da3>]}, :exit-code 255}
	at clojure.core$ex_info.invoke(core.clj:4403)
	at drake.shell$shell.doInvoke(shell.clj:150)
	at clojure.lang.RestFn.applyTo(RestFn.java:137)
	at clojure.core$apply.invoke(core.clj:624)
	at drake.protocol$run_interpreter.invoke(protocol.clj:86)
	at drake.protocol_interpreters$register_interpreter_BANG_$reify__4753.run(protocol_interpreters.clj:14)
	at drake.core$run_step.invoke(core.clj:367)
	at drake.core$attempt_run_step.invoke(core.clj:479)
	at drake.core$function_for_step$fn__5091.invoke(core.clj:502)
	at drake.core$trigger_futures_helper$fn__5102.invoke(core.clj:540)
	at clojure.core$binding_conveyor_fn$fn__4145.invoke(core.clj:1910)
	at clojure.lang.AFn.call(AFn.java:18)
	at java.util.concurrent.FutureTask.run(FutureTask.java:266)
	at java.util.concurrent.ThreadPoolExecutor.runWorker(ThreadPoolExecutor.java:1142)
	at java.util.concurrent.ThreadPoolExecutor$Worker.run(ThreadPoolExecutor.java:617)
	at java.lang.Thread.run(Thread.java:745)

2016-11-04 23:13:42,026 INFO Running 1 steps with concurrence of 1...
2016-11-04 23:13:42,067 INFO 
2016-11-04 23:13:42,068 INFO --- 6. Running (via tag): %ortho, /home/vdp5/data/gene_finder/ASM241v2_genes_exons/orthofinder_exon2_gfamily.txt <- /home/vdp5/data/gene_finder/ASM241v2_genes_exons/gfamily_exon2_orthofinder4/
2016-11-04 23:13:56,926 INFO Done (0 steps run).
2016-11-04 23:13:56,933 ERROR clojure.lang.ExceptionInfo: shell command failed with exit code 255 {:file "orthofinder -f $INPUT > $OUTPUT\n", :msg "shell command failed with exit code 255", :cmd ("/bin/bash" "/home/vdp5/scripts/meme_analysis/./.drake/shell-41f4b7ebf2b3db1d4d1cc6141b24bdf4.bat"), :opts {:die true, :no-stdin nil, :err [#<PrintStream java.io.PrintStream@1a7b555> #<BufferedWriter java.io.BufferedWriter@331cc802>], :exec-dir nil, :out [#<PrintStream java.io.PrintStream@6903f588> #<BufferedWriter java.io.BufferedWriter@6809cf57>]}, :exit-code 255}
	at clojure.core$ex_info.invoke(core.clj:4403)
	at drake.shell$shell.doInvoke(shell.clj:150)
	at clojure.lang.RestFn.applyTo(RestFn.java:137)
	at clojure.core$apply.invoke(core.clj:624)
	at drake.protocol$run_interpreter.invoke(protocol.clj:86)
	at drake.protocol_interpreters$register_interpreter_BANG_$reify__4753.run(protocol_interpreters.clj:14)
	at drake.core$run_step.invoke(core.clj:367)
	at drake.core$attempt_run_step.invoke(core.clj:479)
	at drake.core$function_for_step$fn__5091.invoke(core.clj:502)
	at drake.core$trigger_futures_helper$fn__5102.invoke(core.clj:540)
	at clojure.core$binding_conveyor_fn$fn__4145.invoke(core.clj:1910)
	at clojure.lang.AFn.call(AFn.java:18)
	at java.util.concurrent.FutureTask.run(FutureTask.java:266)
	at java.util.concurrent.ThreadPoolExecutor.runWorker(ThreadPoolExecutor.java:1142)
	at java.util.concurrent.ThreadPoolExecutor$Worker.run(ThreadPoolExecutor.java:617)
	at java.lang.Thread.run(Thread.java:745)

2016-11-04 23:19:21,022 INFO --- 2: %meme_falc_annotated_10_var_protexon1 <- /nfs/wraycompute/diana/var/exon1_aa.fa -> done in 4480.74s
2016-11-04 23:19:21,032 INFO Done (2 steps run).
2016-11-04 23:26:32,133 INFO Running 1 steps with concurrence of 1...
2016-11-04 23:26:32,160 INFO 
2016-11-04 23:26:32,162 INFO --- 7. Running (via tag): %splitexon2fasta, /home/vdp5/data/gene_finder/ASM241v2_genes_exons/gfamily_exon2_orthofinder4 <- /home/vdp5/data/gene_finder/ASM241v2_genes_exons/gfamily_exon2.fasta
2016-11-04 23:26:33,645 INFO Done (0 steps run).
2016-11-04 23:26:33,648 ERROR clojure.lang.ExceptionInfo: shell command failed with exit code 1 {:file "python /home/vdp5/scripts/general_purpose/splitfasta.py -seq $INPUT -outdir home/vdp5/data/gene_finder/ASM241v2_genes_exons/gfamily_exon2_orthofinder4\n", :msg "shell command failed with exit code 1", :cmd ("/bin/bash" "/home/vdp5/scripts/meme_analysis/./.drake/shell-9c5df7504b58ee7fa0204db7e6344a19.bat"), :opts {:die true, :no-stdin nil, :err [#<PrintStream java.io.PrintStream@58738c0c> #<BufferedWriter java.io.BufferedWriter@67d7b7a5>], :exec-dir nil, :out [#<PrintStream java.io.PrintStream@5ebb9b52> #<BufferedWriter java.io.BufferedWriter@25fe8443>]}, :exit-code 1}
	at clojure.core$ex_info.invoke(core.clj:4403)
	at drake.shell$shell.doInvoke(shell.clj:150)
	at clojure.lang.RestFn.applyTo(RestFn.java:137)
	at clojure.core$apply.invoke(core.clj:624)
	at drake.protocol$run_interpreter.invoke(protocol.clj:86)
	at drake.protocol_interpreters$register_interpreter_BANG_$reify__4753.run(protocol_interpreters.clj:14)
	at drake.core$run_step.invoke(core.clj:367)
	at drake.core$attempt_run_step.invoke(core.clj:479)
	at drake.core$function_for_step$fn__5091.invoke(core.clj:502)
	at drake.core$trigger_futures_helper$fn__5102.invoke(core.clj:540)
	at clojure.core$binding_conveyor_fn$fn__4145.invoke(core.clj:1910)
	at clojure.lang.AFn.call(AFn.java:18)
	at java.util.concurrent.FutureTask.run(FutureTask.java:266)
	at java.util.concurrent.ThreadPoolExecutor.runWorker(ThreadPoolExecutor.java:1142)
	at java.util.concurrent.ThreadPoolExecutor$Worker.run(ThreadPoolExecutor.java:617)
	at java.lang.Thread.run(Thread.java:745)

2016-11-04 23:27:11,679 INFO Running 1 steps with concurrence of 1...
2016-11-04 23:27:11,706 INFO 
2016-11-04 23:27:11,709 INFO --- 7. Running (via tag): %splitexon2fasta, /home/vdp5/data/gene_finder/ASM241v2_genes_exons/gfamily_exon2_orthofinder4 <- /home/vdp5/data/gene_finder/ASM241v2_genes_exons/gfamily_exon2.fasta
2016-11-04 23:27:12,625 INFO Done (0 steps run).
2016-11-04 23:27:12,629 ERROR clojure.lang.ExceptionInfo: shell command failed with exit code 1 {:file "python /home/vdp5/scripts/general_purpose/splitfasta.py -seqfile $INPUT -outdir home/vdp5/data/gene_finder/ASM241v2_genes_exons/gfamily_exon2_orthofinder4\n", :msg "shell command failed with exit code 1", :cmd ("/bin/bash" "/home/vdp5/scripts/meme_analysis/./.drake/shell-124144fecf130ab20e6cd50c710bafe4.bat"), :opts {:die true, :no-stdin nil, :err [#<PrintStream java.io.PrintStream@30b3c719> #<BufferedWriter java.io.BufferedWriter@79c2342c>], :exec-dir nil, :out [#<PrintStream java.io.PrintStream@d3e8e4> #<BufferedWriter java.io.BufferedWriter@4ba9afb1>]}, :exit-code 1}
	at clojure.core$ex_info.invoke(core.clj:4403)
	at drake.shell$shell.doInvoke(shell.clj:150)
	at clojure.lang.RestFn.applyTo(RestFn.java:137)
	at clojure.core$apply.invoke(core.clj:624)
	at drake.protocol$run_interpreter.invoke(protocol.clj:86)
	at drake.protocol_interpreters$register_interpreter_BANG_$reify__4753.run(protocol_interpreters.clj:14)
	at drake.core$run_step.invoke(core.clj:367)
	at drake.core$attempt_run_step.invoke(core.clj:479)
	at drake.core$function_for_step$fn__5091.invoke(core.clj:502)
	at drake.core$trigger_futures_helper$fn__5102.invoke(core.clj:540)
	at clojure.core$binding_conveyor_fn$fn__4145.invoke(core.clj:1910)
	at clojure.lang.AFn.call(AFn.java:18)
	at java.util.concurrent.FutureTask.run(FutureTask.java:266)
	at java.util.concurrent.ThreadPoolExecutor.runWorker(ThreadPoolExecutor.java:1142)
	at java.util.concurrent.ThreadPoolExecutor$Worker.run(ThreadPoolExecutor.java:617)
	at java.lang.Thread.run(Thread.java:745)

2016-11-04 23:27:28,622 INFO Running 1 steps with concurrence of 1...
2016-11-04 23:27:28,649 INFO 
2016-11-04 23:27:28,651 INFO --- 7. Running (via tag): %splitexon2fasta, /home/vdp5/data/gene_finder/ASM241v2_genes_exons/gfamily_exon2_orthofinder4 <- /home/vdp5/data/gene_finder/ASM241v2_genes_exons/gfamily_exon2.fasta
2016-11-04 23:27:28,989 INFO --- 7: %splitexon2fasta, /home/vdp5/data/gene_finder/ASM241v2_genes_exons/gfamily_exon2_orthofinder4 <- /home/vdp5/data/gene_finder/ASM241v2_genes_exons/gfamily_exon2.fasta -> done in 0.30s
2016-11-04 23:27:28,994 INFO Done (1 steps run).
2016-11-04 23:27:47,777 INFO Running 1 steps with concurrence of 1...
2016-11-04 23:27:47,803 INFO 
2016-11-04 23:27:47,806 INFO --- 7. Running (via tag): %splitexon2fasta, /home/vdp5/data/gene_finder/ASM241v2_genes_exons/gfamily_exon2_orthofinder4 <- /home/vdp5/data/gene_finder/ASM241v2_genes_exons/gfamily_exon2.fasta
2016-11-04 23:27:48,111 INFO --- 7: %splitexon2fasta, /home/vdp5/data/gene_finder/ASM241v2_genes_exons/gfamily_exon2_orthofinder4 <- /home/vdp5/data/gene_finder/ASM241v2_genes_exons/gfamily_exon2.fasta -> done in 0.27s
2016-11-04 23:27:48,115 INFO Done (1 steps run).
2016-11-04 23:29:45,092 INFO Running 1 steps with concurrence of 1...
2016-11-04 23:29:45,118 INFO 
2016-11-04 23:29:45,120 INFO --- 7. Running (via tag): %splitexon2fasta, /home/vdp5/data/gene_finder/ASM241v2_genes_exons/gfamily_exon2_orthofinder4 <- /home/vdp5/data/gene_finder/ASM241v2_genes_exons/gfamily_exon2.fasta
2016-11-04 23:29:45,979 INFO Done (0 steps run).
2016-11-04 23:29:45,982 ERROR clojure.lang.ExceptionInfo: shell command failed with exit code 1 {:file "python /home/vdp5/scripts/general_purpose/splitfasta.py -seqfile $INPUT -outdir home/vdp5/data/gene_finder/ASM241v2_genes_exons/gfamily_exon2_orthofinder4\n", :msg "shell command failed with exit code 1", :cmd ("/bin/bash" "/home/vdp5/scripts/meme_analysis/./.drake/shell-124144fecf130ab20e6cd50c710bafe4.bat"), :opts {:die true, :no-stdin nil, :err [#<PrintStream java.io.PrintStream@58738c0c> #<BufferedWriter java.io.BufferedWriter@67d7b7a5>], :exec-dir nil, :out [#<PrintStream java.io.PrintStream@5ebb9b52> #<BufferedWriter java.io.BufferedWriter@25fe8443>]}, :exit-code 1}
	at clojure.core$ex_info.invoke(core.clj:4403)
	at drake.shell$shell.doInvoke(shell.clj:150)
	at clojure.lang.RestFn.applyTo(RestFn.java:137)
	at clojure.core$apply.invoke(core.clj:624)
	at drake.protocol$run_interpreter.invoke(protocol.clj:86)
	at drake.protocol_interpreters$register_interpreter_BANG_$reify__4753.run(protocol_interpreters.clj:14)
	at drake.core$run_step.invoke(core.clj:367)
	at drake.core$attempt_run_step.invoke(core.clj:479)
	at drake.core$function_for_step$fn__5091.invoke(core.clj:502)
	at drake.core$trigger_futures_helper$fn__5102.invoke(core.clj:540)
	at clojure.core$binding_conveyor_fn$fn__4145.invoke(core.clj:1910)
	at clojure.lang.AFn.call(AFn.java:18)
	at java.util.concurrent.FutureTask.run(FutureTask.java:266)
	at java.util.concurrent.ThreadPoolExecutor.runWorker(ThreadPoolExecutor.java:1142)
	at java.util.concurrent.ThreadPoolExecutor$Worker.run(ThreadPoolExecutor.java:617)
	at java.lang.Thread.run(Thread.java:745)

2016-11-04 23:30:52,384 INFO Running 1 steps with concurrence of 1...
2016-11-04 23:30:52,413 INFO 
2016-11-04 23:30:52,415 INFO --- 7. Running (via tag): %splitexon2fasta, /home/vdp5/data/gene_finder/ASM241v2_genes_exons/gfamily_exon2_orthofinder4 <- /home/vdp5/data/gene_finder/ASM241v2_genes_exons/gfamily_exon2.fasta
2016-11-04 23:30:53,303 INFO Done (0 steps run).
2016-11-04 23:30:53,308 ERROR clojure.lang.ExceptionInfo: shell command failed with exit code 1 {:file "python /home/vdp5/scripts/general_purpose/splitfasta.py -seqfile $INPUT -outdir home/vdp5/data/gene_finder/ASM241v2_genes_exons/gfamily_exon2_orthofinder4\n", :msg "shell command failed with exit code 1", :cmd ("/bin/bash" "/home/vdp5/scripts/meme_analysis/./.drake/shell-124144fecf130ab20e6cd50c710bafe4.bat"), :opts {:die true, :no-stdin nil, :err [#<PrintStream java.io.PrintStream@1343a56b> #<BufferedWriter java.io.BufferedWriter@30a33116>], :exec-dir nil, :out [#<PrintStream java.io.PrintStream@473dbf88> #<BufferedWriter java.io.BufferedWriter@66bfa93f>]}, :exit-code 1}
	at clojure.core$ex_info.invoke(core.clj:4403)
	at drake.shell$shell.doInvoke(shell.clj:150)
	at clojure.lang.RestFn.applyTo(RestFn.java:137)
	at clojure.core$apply.invoke(core.clj:624)
	at drake.protocol$run_interpreter.invoke(protocol.clj:86)
	at drake.protocol_interpreters$register_interpreter_BANG_$reify__4753.run(protocol_interpreters.clj:14)
	at drake.core$run_step.invoke(core.clj:367)
	at drake.core$attempt_run_step.invoke(core.clj:479)
	at drake.core$function_for_step$fn__5091.invoke(core.clj:502)
	at drake.core$trigger_futures_helper$fn__5102.invoke(core.clj:540)
	at clojure.core$binding_conveyor_fn$fn__4145.invoke(core.clj:1910)
	at clojure.lang.AFn.call(AFn.java:18)
	at java.util.concurrent.FutureTask.run(FutureTask.java:266)
	at java.util.concurrent.ThreadPoolExecutor.runWorker(ThreadPoolExecutor.java:1142)
	at java.util.concurrent.ThreadPoolExecutor$Worker.run(ThreadPoolExecutor.java:617)
	at java.lang.Thread.run(Thread.java:745)

2016-11-04 23:31:32,605 INFO Running 1 steps with concurrence of 1...
2016-11-04 23:31:32,636 INFO 
2016-11-04 23:31:32,639 INFO --- 7. Running (via tag): %splitexon2fasta, /home/vdp5/data/gene_finder/ASM241v2_genes_exons/gfamily_exon2_orthofinder4 <- /home/vdp5/data/gene_finder/ASM241v2_genes_exons/gfamily_exon2.fasta
2016-11-04 23:31:33,433 INFO Done (0 steps run).
2016-11-04 23:31:33,437 ERROR clojure.lang.ExceptionInfo: shell command failed with exit code 1 {:file "python /home/vdp5/scripts/general_purpose/splitfasta.py -seqfile $INPUT -outdir home/vdp5/data/gene_finder/ASM241v2_genes_exons/gfamily_exon2_orthofinder4\n", :msg "shell command failed with exit code 1", :cmd ("/bin/bash" "/home/vdp5/scripts/meme_analysis/./.drake/shell-124144fecf130ab20e6cd50c710bafe4.bat"), :opts {:die true, :no-stdin nil, :err [#<PrintStream java.io.PrintStream@570a19a8> #<BufferedWriter java.io.BufferedWriter@b6252f6>], :exec-dir nil, :out [#<PrintStream java.io.PrintStream@58fc3242> #<BufferedWriter java.io.BufferedWriter@4fc662a3>]}, :exit-code 1}
	at clojure.core$ex_info.invoke(core.clj:4403)
	at drake.shell$shell.doInvoke(shell.clj:150)
	at clojure.lang.RestFn.applyTo(RestFn.java:137)
	at clojure.core$apply.invoke(core.clj:624)
	at drake.protocol$run_interpreter.invoke(protocol.clj:86)
	at drake.protocol_interpreters$register_interpreter_BANG_$reify__4753.run(protocol_interpreters.clj:14)
	at drake.core$run_step.invoke(core.clj:367)
	at drake.core$attempt_run_step.invoke(core.clj:479)
	at drake.core$function_for_step$fn__5091.invoke(core.clj:502)
	at drake.core$trigger_futures_helper$fn__5102.invoke(core.clj:540)
	at clojure.core$binding_conveyor_fn$fn__4145.invoke(core.clj:1910)
	at clojure.lang.AFn.call(AFn.java:18)
	at java.util.concurrent.FutureTask.run(FutureTask.java:266)
	at java.util.concurrent.ThreadPoolExecutor.runWorker(ThreadPoolExecutor.java:1142)
	at java.util.concurrent.ThreadPoolExecutor$Worker.run(ThreadPoolExecutor.java:617)
	at java.lang.Thread.run(Thread.java:745)

2016-11-04 23:31:41,144 ERROR drake: target not found: a
2016-11-04 23:31:49,153 INFO Running 1 steps with concurrence of 1...
2016-11-04 23:31:49,179 INFO 
2016-11-04 23:31:49,182 INFO --- 7. Running (via tag): %splitexon2fasta, /home/vdp5/data/gene_finder/ASM241v2_genes_exons/gfamily_exon2_orthofinder4 <- /home/vdp5/data/gene_finder/ASM241v2_genes_exons/gfamily_exon2.fasta
2016-11-04 23:31:50,238 INFO --- 7: %splitexon2fasta, /home/vdp5/data/gene_finder/ASM241v2_genes_exons/gfamily_exon2_orthofinder4 <- /home/vdp5/data/gene_finder/ASM241v2_genes_exons/gfamily_exon2.fasta -> done in 1.02s
2016-11-04 23:31:50,243 INFO Done (1 steps run).
2016-11-04 23:32:49,827 INFO Running 1 steps with concurrence of 1...
2016-11-04 23:32:49,867 INFO 
2016-11-04 23:32:49,870 INFO --- 7. Running (timestamped): %ortho, /home/vdp5/data/gene_finder/ASM241v2_genes_exons/orthofinder_exon2_gfamily.txt <- /home/vdp5/data/gene_finder/ASM241v2_genes_exons/gfamily_exon2_orthofinder4/
2016-11-04 23:34:51,076 INFO Done (0 steps run).
2016-11-04 23:34:51,083 ERROR clojure.lang.ExceptionInfo: shell command failed with exit code 255 {:file "orthofinder -f $INPUT > $OUTPUT\n", :msg "shell command failed with exit code 255", :cmd ("/bin/bash" "/home/vdp5/scripts/meme_analysis/./.drake/shell-41f4b7ebf2b3db1d4d1cc6141b24bdf4.bat"), :opts {:die true, :no-stdin nil, :err [#<PrintStream java.io.PrintStream@db57ce5> #<BufferedWriter java.io.BufferedWriter@6edd20f5>], :exec-dir nil, :out [#<PrintStream java.io.PrintStream@13c6508a> #<BufferedWriter java.io.BufferedWriter@35f7d58c>]}, :exit-code 255}
	at clojure.core$ex_info.invoke(core.clj:4403)
	at drake.shell$shell.doInvoke(shell.clj:150)
	at clojure.lang.RestFn.applyTo(RestFn.java:137)
	at clojure.core$apply.invoke(core.clj:624)
	at drake.protocol$run_interpreter.invoke(protocol.clj:86)
	at drake.protocol_interpreters$register_interpreter_BANG_$reify__4753.run(protocol_interpreters.clj:14)
	at drake.core$run_step.invoke(core.clj:367)
	at drake.core$attempt_run_step.invoke(core.clj:479)
	at drake.core$function_for_step$fn__5091.invoke(core.clj:502)
	at drake.core$trigger_futures_helper$fn__5102.invoke(core.clj:540)
	at clojure.core$binding_conveyor_fn$fn__4145.invoke(core.clj:1910)
	at clojure.lang.AFn.call(AFn.java:18)
	at java.util.concurrent.FutureTask.run(FutureTask.java:266)
	at java.util.concurrent.ThreadPoolExecutor.runWorker(ThreadPoolExecutor.java:1142)
	at java.util.concurrent.ThreadPoolExecutor$Worker.run(ThreadPoolExecutor.java:617)
	at java.lang.Thread.run(Thread.java:745)

2016-11-05 11:16:46,868 INFO Nothing to do.
2016-11-05 11:18:30,038 INFO Running 2 steps with concurrence of 1...
2016-11-05 11:18:30,066 INFO 
2016-11-05 11:18:30,068 INFO --- 7. Running (missing output): %mast_falc_annotated_10_var_protexon1, /home/vdp5/scripts/meme_analysis/././stampcomplete/mast_falc_annotated_10_var_protexon1 <- /home/vdp5/data/hhmm_data/meme_falc_annotated_10_var_protexon1/meme.xml, /nfs/wraycompute/diana/var/exon1_aa.fa
2016-11-05 11:18:33,720 INFO 
2016-11-05 11:18:33,723 INFO --- 8. Running (missing output): %mast_falc_annotated_10_var_protexon2, /home/vdp5/scripts/meme_analysis/././stampcomplete/mast_falc_annotated_10_var_protexon2.log <- /home/vdp5/data/hhmm_data/meme_falc_annotated_10_var_protexon2/meme.xml, /nfs/wraycompute/diana/var/exon2_aa.fa
2016-11-05 11:18:36,243 INFO Done (0 steps run).
2016-11-05 11:18:36,249 ERROR clojure.lang.ExceptionInfo: shell command failed with exit code 1 {:file "mast -oc /home/vdp5/data/hhmm_data/mast_falc_annotated_10_var_protexon1_testonitself $INPUT0 $INPUT1\ncat \"complete\" > stampcomplete/mast_falc_annotated_10_var_protexon1.log\n", :msg "shell command failed with exit code 1", :cmd ("/bin/bash" "/home/vdp5/scripts/meme_analysis/./.drake/shell-42cf8e1a48ea6c392a835d5db20a3a90.bat"), :opts {:die true, :no-stdin nil, :err [#<PrintStream java.io.PrintStream@1aa32424> #<BufferedWriter java.io.BufferedWriter@375d3752>], :exec-dir nil, :out [#<PrintStream java.io.PrintStream@5ab47553> #<BufferedWriter java.io.BufferedWriter@7245ee6>]}, :exit-code 1}
	at clojure.core$ex_info.invoke(core.clj:4403)
	at drake.shell$shell.doInvoke(shell.clj:150)
	at clojure.lang.RestFn.applyTo(RestFn.java:137)
	at clojure.core$apply.invoke(core.clj:624)
	at drake.protocol$run_interpreter.invoke(protocol.clj:86)
	at drake.protocol_interpreters$register_interpreter_BANG_$reify__4753.run(protocol_interpreters.clj:14)
	at drake.core$run_step.invoke(core.clj:367)
	at drake.core$attempt_run_step.invoke(core.clj:479)
	at drake.core$function_for_step$fn__5091.invoke(core.clj:502)
	at drake.core$trigger_futures_helper$fn__5102.invoke(core.clj:540)
	at clojure.core$binding_conveyor_fn$fn__4145.invoke(core.clj:1910)
	at clojure.lang.AFn.call(AFn.java:18)
	at java.util.concurrent.FutureTask.run(FutureTask.java:266)
	at java.util.concurrent.ThreadPoolExecutor.runWorker(ThreadPoolExecutor.java:1142)
	at java.util.concurrent.ThreadPoolExecutor$Worker.run(ThreadPoolExecutor.java:617)
	at java.lang.Thread.run(Thread.java:745)

2016-11-05 11:19:13,961 INFO Running 1 steps with concurrence of 1...
2016-11-05 11:19:13,990 INFO 
2016-11-05 11:19:13,991 INFO --- 7. Running (missing output): %mast_falc_annotated_10_var_protexon1, /home/vdp5/scripts/meme_analysis/././stampcomplete/mast_falc_annotated_10_var_protexon1 <- /home/vdp5/data/hhmm_data/meme_falc_annotated_10_var_protexon1/meme.xml, /nfs/wraycompute/diana/var/exon1_aa.fa
2016-11-05 11:19:16,454 INFO --- 7: %mast_falc_annotated_10_var_protexon1, /home/vdp5/scripts/meme_analysis/././stampcomplete/mast_falc_annotated_10_var_protexon1 <- /home/vdp5/data/hhmm_data/meme_falc_annotated_10_var_protexon1/meme.xml, /nfs/wraycompute/diana/var/exon1_aa.fa -> done in 2.42s
2016-11-05 11:19:16,462 INFO Done (1 steps run).
2016-11-05 11:19:23,952 INFO Running 1 steps with concurrence of 1...
2016-11-05 11:19:23,983 INFO 
2016-11-05 11:19:23,986 INFO --- 7. Running (missing output): %mast_falc_annotated_10_var_protexon1, /home/vdp5/scripts/meme_analysis/././stampcomplete/mast_falc_annotated_10_var_protexon1 <- /home/vdp5/data/hhmm_data/meme_falc_annotated_10_var_protexon1/meme.xml, /nfs/wraycompute/diana/var/exon1_aa.fa
2016-11-05 11:19:26,308 INFO --- 7: %mast_falc_annotated_10_var_protexon1, /home/vdp5/scripts/meme_analysis/././stampcomplete/mast_falc_annotated_10_var_protexon1 <- /home/vdp5/data/hhmm_data/meme_falc_annotated_10_var_protexon1/meme.xml, /nfs/wraycompute/diana/var/exon1_aa.fa -> done in 2.29s
2016-11-05 11:19:26,314 INFO Done (1 steps run).
2016-11-05 11:19:52,692 INFO Running 1 steps with concurrence of 1...
2016-11-05 11:19:52,728 INFO 
2016-11-05 11:19:52,730 INFO --- 7. Running (missing output): %mast_falc_annotated_10_var_protexon1, /home/vdp5/scripts/meme_analysis/././stampcomplete/mast_falc_annotated_10_var_protexon1 <- /home/vdp5/data/hhmm_data/meme_falc_annotated_10_var_protexon1/meme.xml, /nfs/wraycompute/diana/var/exon1_aa.fa
2016-11-05 11:19:55,208 INFO --- 7: %mast_falc_annotated_10_var_protexon1, /home/vdp5/scripts/meme_analysis/././stampcomplete/mast_falc_annotated_10_var_protexon1 <- /home/vdp5/data/hhmm_data/meme_falc_annotated_10_var_protexon1/meme.xml, /nfs/wraycompute/diana/var/exon1_aa.fa -> done in 2.44s
2016-11-05 11:19:55,211 INFO Done (1 steps run).
2016-11-05 11:19:57,663 INFO Nothing to do.
2016-11-05 11:20:11,188 INFO Running 2 steps with concurrence of 1...
2016-11-05 11:20:11,222 INFO 
2016-11-05 11:20:11,223 INFO --- 7. Running (missing output): %mast_falc_annotated_10_var_protexon1, /home/vdp5/scripts/meme_analysis/././stampcomplete/mast_falc_annotated_10_var_protexon1.log <- /home/vdp5/data/hhmm_data/meme_falc_annotated_10_var_protexon1/meme.xml, /nfs/wraycompute/diana/var/exon1_aa.fa
2016-11-05 11:20:13,706 INFO --- 7: %mast_falc_annotated_10_var_protexon1, /home/vdp5/scripts/meme_analysis/././stampcomplete/mast_falc_annotated_10_var_protexon1.log <- /home/vdp5/data/hhmm_data/meme_falc_annotated_10_var_protexon1/meme.xml, /nfs/wraycompute/diana/var/exon1_aa.fa -> done in 2.22s
2016-11-05 11:20:13,718 INFO 
2016-11-05 11:20:13,718 INFO --- 8. Running (missing output): %mast_falc_annotated_10_var_protexon2, /home/vdp5/scripts/meme_analysis/././stampcomplete/mast_falc_annotated_10_var_protexon2.log <- /home/vdp5/data/hhmm_data/meme_falc_annotated_10_var_protexon2/meme.xml, /nfs/wraycompute/diana/var/exon2_aa.fa
2016-11-05 11:20:15,655 INFO --- 8: %mast_falc_annotated_10_var_protexon2, /home/vdp5/scripts/meme_analysis/././stampcomplete/mast_falc_annotated_10_var_protexon2.log <- /home/vdp5/data/hhmm_data/meme_falc_annotated_10_var_protexon2/meme.xml, /nfs/wraycompute/diana/var/exon2_aa.fa -> done in 1.90s
2016-11-05 11:20:15,660 INFO Done (2 steps run).
2016-11-05 11:25:35,599 INFO Running 2 steps with concurrence of 1...
2016-11-05 11:25:35,630 INFO 
2016-11-05 11:25:35,631 INFO --- 9. Running (missing output): %mast_analysis1_newplasmodb13_exon1_10, /home/vdp5/scripts/meme_analysis/././stampcomplete/mast_analysis1_newplasmodb13_exon1_10.log <- /home/vdp5/data/hhmm_data/meme_falc_annotated_10_var_protexon1/meme.xml, /home/vdp5/data/cambodia_samples/falcipurum_wray/plasmodb13_transcript_readable.fasta
2016-11-05 11:25:45,679 INFO --- 9: %mast_analysis1_newplasmodb13_exon1_10, /home/vdp5/scripts/meme_analysis/././stampcomplete/mast_analysis1_newplasmodb13_exon1_10.log <- /home/vdp5/data/hhmm_data/meme_falc_annotated_10_var_protexon1/meme.xml, /home/vdp5/data/cambodia_samples/falcipurum_wray/plasmodb13_transcript_readable.fasta -> done in 9.99s
2016-11-05 11:25:45,693 INFO 
2016-11-05 11:25:45,693 INFO --- 10. Running (missing output): %mast_analysis1_newplasmodb13_exon2_10, /home/vdp5/scripts/meme_analysis/././stampcomplete/mast_analysis1_newplasmodb13_exon2_10.log <- /home/vdp5/data/hhmm_data/meme_falc_annotated_10_var_protexon2/meme.xml, /home/vdp5/data/cambodia_samples/falcipurum_wray/plasmodb13_transcript_readable.fasta
2016-11-05 11:25:58,697 INFO --- 10: %mast_analysis1_newplasmodb13_exon2_10, /home/vdp5/scripts/meme_analysis/././stampcomplete/mast_analysis1_newplasmodb13_exon2_10.log <- /home/vdp5/data/hhmm_data/meme_falc_annotated_10_var_protexon2/meme.xml, /home/vdp5/data/cambodia_samples/falcipurum_wray/plasmodb13_transcript_readable.fasta -> done in 12.96s
2016-11-05 11:25:58,701 INFO Done (2 steps run).
2016-11-05 11:30:01,347 INFO Running 2 steps with concurrence of 1...
2016-11-05 11:30:01,372 INFO 
2016-11-05 11:30:01,374 INFO --- 11. Running (missing output): %mast_analysis2_protonly_newplasmodb13_exon1_10, /home/vdp5/scripts/meme_analysis/././stampcomplete/mast_analysis2_protonly_newplasmodb13_exon1_10.log <- /home/vdp5/data/hhmm_data/meme_falc_annotated_10_var_protexon1/meme.xml, /home/vdp5/data/cambodia_samples/falcipurum_wray/Results/Pfalciparum3D7_proteins.fasta
2016-11-05 11:30:06,173 INFO --- 11: %mast_analysis2_protonly_newplasmodb13_exon1_10, /home/vdp5/scripts/meme_analysis/././stampcomplete/mast_analysis2_protonly_newplasmodb13_exon1_10.log <- /home/vdp5/data/hhmm_data/meme_falc_annotated_10_var_protexon1/meme.xml, /home/vdp5/data/cambodia_samples/falcipurum_wray/Results/Pfalciparum3D7_proteins.fasta -> done in 4.75s
2016-11-05 11:30:06,191 INFO 
2016-11-05 11:30:06,191 INFO --- 12. Running (missing output): %mast_analysis2_protonly_newplasmodb13_exon2_10, /home/vdp5/scripts/meme_analysis/././stampcomplete/mast_analysis2_protonly_newplasmodb13_exon2_10.log <- /home/vdp5/data/hhmm_data/meme_falc_annotated_10_var_protexon2/meme.xml, /home/vdp5/data/cambodia_samples/falcipurum_wray/Results/Pfalciparum3D7_proteins.fasta
2016-11-05 11:30:10,712 INFO --- 12: %mast_analysis2_protonly_newplasmodb13_exon2_10, /home/vdp5/scripts/meme_analysis/././stampcomplete/mast_analysis2_protonly_newplasmodb13_exon2_10.log <- /home/vdp5/data/hhmm_data/meme_falc_annotated_10_var_protexon2/meme.xml, /home/vdp5/data/cambodia_samples/falcipurum_wray/Results/Pfalciparum3D7_proteins.fasta -> done in 4.47s
2016-11-05 11:30:10,718 INFO Done (2 steps run).
2016-11-05 12:20:38,310 INFO Running 1 steps with concurrence of 1...
2016-11-05 12:20:38,334 INFO 
2016-11-05 12:20:38,336 INFO --- 15. Running (via tag): %diana_var_exonsplit, /home/vdp5/scripts/meme_analysis/././stampcomplete/diana_var_exonsplit.log <- /nfs/wraycompute/diana/var/var_falciparum_cds.fa
2016-11-05 12:20:39,204 INFO --- 15: %diana_var_exonsplit, /home/vdp5/scripts/meme_analysis/././stampcomplete/diana_var_exonsplit.log <- /nfs/wraycompute/diana/var/var_falciparum_cds.fa -> done in 0.81s
2016-11-05 12:20:39,211 INFO Done (1 steps run).
2016-11-05 12:21:42,271 INFO Running 1 steps with concurrence of 1...
2016-11-05 12:21:42,299 INFO 
2016-11-05 12:21:42,300 INFO --- 15. Running (via tag): %diana_var_exonsplit, /home/vdp5/scripts/meme_analysis/././stampcomplete/diana_var_exonsplit.log <- /nfs/wraycompute/diana/var/var_falciparum_cds.fa
2016-11-05 12:21:42,647 INFO --- 15: %diana_var_exonsplit, /home/vdp5/scripts/meme_analysis/././stampcomplete/diana_var_exonsplit.log <- /nfs/wraycompute/diana/var/var_falciparum_cds.fa -> done in 0.31s
2016-11-05 12:21:42,651 INFO Done (1 steps run).
2016-11-05 12:21:53,647 INFO Running 1 steps with concurrence of 1...
2016-11-05 12:21:53,674 INFO 
2016-11-05 12:21:53,677 INFO --- 15. Running (via tag): %diana_var_exonsplit, /home/vdp5/scripts/meme_analysis/././stampcomplete/diana_var_exonsplit.log <- /nfs/wraycompute/diana/var/var_falciparum_cds.fa
2016-11-05 12:21:54,076 INFO --- 15: %diana_var_exonsplit, /home/vdp5/scripts/meme_analysis/././stampcomplete/diana_var_exonsplit.log <- /nfs/wraycompute/diana/var/var_falciparum_cds.fa -> done in 0.36s
2016-11-05 12:21:54,080 INFO Done (1 steps run).
2016-11-05 12:23:15,213 INFO Running 1 steps with concurrence of 1...
2016-11-05 12:23:15,238 INFO 
2016-11-05 12:23:15,240 INFO --- 15. Running (via tag): %diana_var_exonsplit, /home/vdp5/scripts/meme_analysis/././stampcomplete/diana_var_exonsplit.log <- /nfs/wraycompute/diana/var/var_falciparum_cds.fa
2016-11-05 12:23:15,664 INFO --- 15: %diana_var_exonsplit, /home/vdp5/scripts/meme_analysis/././stampcomplete/diana_var_exonsplit.log <- /nfs/wraycompute/diana/var/var_falciparum_cds.fa -> done in 0.38s
2016-11-05 12:23:15,671 INFO Done (1 steps run).
2016-11-05 12:27:30,577 INFO Running 1 steps with concurrence of 1...
2016-11-05 12:27:30,607 INFO 
2016-11-05 12:27:30,609 INFO --- 15. Running (via tag): %diana_var_exonsplit, /home/vdp5/scripts/meme_analysis/././stampcomplete/diana_var_exonsplit.log <- /nfs/wraycompute/diana/var/var_falciparum_cds.fa
2016-11-05 12:27:31,021 INFO --- 15: %diana_var_exonsplit, /home/vdp5/scripts/meme_analysis/././stampcomplete/diana_var_exonsplit.log <- /nfs/wraycompute/diana/var/var_falciparum_cds.fa -> done in 0.37s
2016-11-05 12:27:31,029 INFO Done (1 steps run).
