Script started on Sun 30 Oct 2016 10:28:13 AM EDT
[vdp5@wraylab01 ~]$ bin  data  diana_hmm  executables  figures  other  scripts  source_code  tmp
[vdp5@wraylab01 ~]$ [vdp5@wraylab01 scripts]$ align_cambodia_samples.sh
ASM241v2_gff_transfer.sh
bash_histories
break_fasta_splign_ASM241_v2.py
break_fasta_splign_PV01.py
break_gff.py
cambodia_align_scripts
cambodia_PV01_improve_align
cat_india_korea.sh
characerize_bam.sh
characterize_portillioG.py
createblastdb_forvir.sh
create_exonic_directory.py
create_origin_ASM241v2.py
create_origin_SAMEA2376790.py
determine_coverage.sh
edit_chrom_ASM241v2fasta.py
edit_original_ASM241v2_data.sh
GCF_gff2bed.py
get_annotated_vir.py
gff2fasta.pl
gff3_to_bed_converter.py
gff_break_mummer_india.py
gff_create_mummer_to_india.sh
gff_parse_ASM241v2.sh
git_data
improve_bwa_mapping_testprepare.py
india1_cat.sh
india2_cat.sh
india_korea_align.sh
make_sam_cambodia.sh
meme_testing.sh
open_gz_cambodia.sh
parse_ASM241v2_gb.py
parse_gfffasta_ASM241v2_exons.py
parse_origin_created_ASM241v2.py
parse_origin_created_SAMEA2376790.py
parse_SAMEA2376790_gb.py
play_chromosome_splign.py
prepare_for_alignment.py
prepare_for_alignment_salvador_compare.py
runallvir_bychrom.sh
run_cambodia_alignments.sh
run_salvador_comparisons.sh
salvador_align_compare.sh
salvador_align_scripts
tblastn_vir_from_SAMEA2376790_using_ASM241v2_genes.sh
[vdp5@wraylab01 scripts]$ [vdp5@wraylab01 ~]$ bin  data  diana_hmm  executables  figures  other  scripts  source_code  tmp
[vdp5@wraylab01 ~]$ [vdp5@wraylab01 scripts]$ align_cambodia_samples.sh
ASM241v2_gff_transfer.sh
bash_histories
break_fasta_splign_ASM241_v2.py
break_fasta_splign_PV01.py
break_gff.py
cambodia_align_scripts
cambodia_PV01_improve_align
cat_india_korea.sh
characerize_bam.sh
characterize_portillioG.py
createblastdb_forvir.sh
create_exonic_directory.py
create_origin_ASM241v2.py
create_origin_SAMEA2376790.py
determine_coverage.sh
edit_chrom_ASM241v2fasta.py
edit_original_ASM241v2_data.sh
GCF_gff2bed.py
get_annotated_vir.py
gff2fasta.pl
gff3_to_bed_converter.py
gff_break_mummer_india.py
gff_create_mummer_to_india.sh
gff_parse_ASM241v2.sh
git_data
improve_bwa_mapping_testprepare.py
india1_cat.sh
india2_cat.sh
india_korea_align.sh
make_sam_cambodia.sh
meme_testing.sh
open_gz_cambodia.sh
parse_ASM241v2_gb.py
parse_gfffasta_ASM241v2_exons.py
parse_origin_created_ASM241v2.py
parse_origin_created_SAMEA2376790.py
parse_SAMEA2376790_gb.py
play_chromosome_splign.py
prepare_for_alignment.py
prepare_for_alignment_salvador_compare.py
runallvir_bychrom.sh
run_cambodia_alignments.sh
run_salvador_comparisons.sh
salvador_align_compare.sh
salvador_align_scripts
tblastn_vir_from_SAMEA2376790_using_ASM241v2_genes.sh
[vdp5@wraylab01 scripts]$ align_cambodia_samples.sh
ASM241v2_gff_transfer.sh
bash_histories
break_fasta_splign_ASM241_v2.py
break_fasta_splign_PV01.py
break_gff.py
cambodia_align_scripts
cambodia_PV01_improve_align
cat_india_korea.sh
characerize_bam.sh
characterize_portillioG.py
createblastdb_forvir.sh
create_exonic_directory.py
create_origin_ASM241v2.py
create_origin_SAMEA2376790.py
determine_coverage.sh
edit_chrom_ASM241v2fasta.py
edit_original_ASM241v2_data.sh
GCF_gff2bed.py
get_annotated_vir.py
gff2fasta.pl
gff3_to_bed_converter.py
gff_break_mummer_india.py
gff_create_mummer_to_india.sh
gff_parse_ASM241v2.sh
git_data
improve_bwa_mapping_testprepare.py
india1_cat.sh
india2_cat.sh
india_korea_align.sh
make_sam_cambodia.sh
meme_testing.sh
open_gz_cambodia.sh
parse_ASM241v2_gb.py
parse_gfffasta_ASM241v2_exons.py
parse_origin_created_ASM241v2.py
parse_origin_created_SAMEA2376790.py
parse_SAMEA2376790_gb.py
play_chromosome_splign.py
prepare_for_alignment.py
prepare_for_alignment_salvador_compare.py
runallvir_bychrom.sh
run_cambodia_alignments.sh
run_salvador_comparisons.sh
salvador_align_compare.sh
salvador_align_scripts
tblastn_vir_from_SAMEA2376790_using_ASM241v2_genes.sh
[vdp5@wraylab01 scripts]$ [vdp5@wraylab01 bash_histories]$ 10.16-10:10:10.log  10.16-10.16.11.log	10.16-10.19.02.log  10.16-10.27.47.log
10.16-10.13.20.log  10.16-10.18.14.log	10.16-10.19.07.log  10.16-10.28.13.log
10.16-10.15.12.log  10.16-10.18.43.log	10.16-10.19.54.log
[vdp5@wraylab01 bash_histories]$ 